2026-04-01 13:45:20 | INFO | CI | === RUN START ===
2026-04-01 13:45:20 | INFO | CI | project=MODULE 4: EVTL PIPELINE
2026-04-01 13:45:20 | INFO | CI | repo_dir=nlp-04-api-text-data
2026-04-01 13:45:20 | INFO | CI | python=3.14.3
2026-04-01 13:45:20 | INFO | CI | os=Windows 11
2026-04-01 13:45:20 | INFO | CI | shell=powershell
2026-04-01 13:45:20 | INFO | CI | cwd=.
2026-04-01 13:45:20 | INFO | CI | github_actions=False
2026-04-01 13:45:20 | INFO | CI | START PIPELINE
2026-04-01 13:45:20 | INFO | CI | ROOT_PATH = .
2026-04-01 13:45:20 | INFO | CI | DATA_PATH = data
2026-04-01 13:45:20 | INFO | CI | RAW_PATH = data\raw
2026-04-01 13:45:20 | INFO | CI | PROCESSED_PATH = data\processed
2026-04-01 13:45:20 | INFO | CI | ========================
2026-04-01 13:45:20 | INFO | CI | STAGE 01: EXTRACT starting... 
2026-04-01 13:45:20 | INFO | CI | ========================
2026-04-01 13:45:21 | INFO | CI | SOURCE PATH = https://jsonplaceholder.typicode.com/posts
2026-04-01 13:45:21 | INFO | CI | SINK PATH = data\raw\case_raw.json
2026-04-01 13:45:21 | INFO | CI | ========================
2026-04-01 13:45:21 | INFO | CI | STAGE 02: VALIDATE starting...
2026-04-01 13:45:21 | INFO | CI | ========================
2026-04-01 13:45:21 | INFO | CI | JSON STRUCTURE INSPECTION:
2026-04-01 13:45:21 | INFO | CI | Top-level type: list
2026-04-01 13:45:21 | INFO | CI | Keys in first record: ['userId', 'id', 'title', 'body']
2026-04-01 13:45:21 | INFO | CI | Field types:
2026-04-01 13:45:21 | INFO | CI | userId: int
2026-04-01 13:45:21 | INFO | CI | id: int
2026-04-01 13:45:21 | INFO | CI | title: str
2026-04-01 13:45:21 | INFO | CI | body: str
2026-04-01 13:45:21 | INFO | CI | Validation passed.
2026-04-01 13:45:21 | INFO | CI | Sink: validated JSON object
2026-04-01 13:45:21 | INFO | CI | ========================
2026-04-01 13:45:21 | INFO | CI | STAGE 03: TRANSFORM starting...
2026-04-01 13:45:21 | INFO | CI | ========================
2026-04-01 13:45:21 | INFO | CI | Transformation complete.
2026-04-01 13:45:21 | INFO | CI | DataFrame preview:
shape: (5, 6)
┌─────────┬─────────┬─────────────────────────────────┬─────────────────────────────────┬──────────────┬─────────────┐
│ user_id ┆ post_id ┆ title                           ┆ body                            ┆ title_length ┆ body_length │
│ ---     ┆ ---     ┆ ---                             ┆ ---                             ┆ ---          ┆ ---         │
│ i64     ┆ i64     ┆ str                             ┆ str                             ┆ u32          ┆ u32         │
╞═════════╪═════════╪═════════════════════════════════╪═════════════════════════════════╪══════════════╪═════════════╡
│ 1       ┆ 1       ┆ sunt aut facere repellat provi… ┆ quia et suscipit                ┆ 74           ┆ 158         │
│         ┆         ┆                                 ┆ suscipit recu…                  ┆              ┆             │
│ 1       ┆ 2       ┆ qui est esse                    ┆ est rerum tempore vitae         ┆ 12           ┆ 206         │
│         ┆         ┆                                 ┆ sequi …                         ┆              ┆             │
│ 1       ┆ 3       ┆ ea molestias quasi exercitatio… ┆ et iusto sed quo iure           ┆ 59           ┆ 164         │
│         ┆         ┆                                 ┆ voluptat…                       ┆              ┆             │
│ 1       ┆ 4       ┆ eum et est occaecati            ┆ ullam et saepe reiciendis volu… ┆ 20           ┆ 190         │
│ 1       ┆ 5       ┆ nesciunt quas odio              ┆ repudiandae veniam quaerat sun… ┆ 18           ┆ 147         │
└─────────┴─────────┴─────────────────────────────────┴─────────────────────────────────┴──────────────┴─────────────┘
2026-04-01 13:45:21 | INFO | CI | Sink: Polars DataFrame created
2026-04-01 13:45:21 | INFO | CI | ========================
2026-04-01 13:45:21 | INFO | CI | STAGE 04: LOAD starting...
2026-04-01 13:45:21 | INFO | CI | ========================
2026-04-01 13:45:21 | INFO | CI | SINK PATH = data\processed\case_processed.csv
2026-04-01 13:45:21 | INFO | CI | ========================
2026-04-01 13:45:21 | INFO | CI | Pipeline executed successfully!
2026-04-01 13:45:21 | INFO | CI | ========================
2026-04-05 10:35:48 | INFO | CI | === RUN START ===
2026-04-05 10:35:48 | INFO | CI | project=MODULE 4: EVTL PIPELINE
2026-04-05 10:35:48 | INFO | CI | repo_dir=nlp-04-api-text-data
2026-04-05 10:35:48 | INFO | CI | python=3.14.3
2026-04-05 10:35:48 | INFO | CI | os=Windows 11
2026-04-05 10:35:48 | INFO | CI | shell=powershell
2026-04-05 10:35:48 | INFO | CI | cwd=.
2026-04-05 10:35:48 | INFO | CI | github_actions=False
2026-04-05 10:35:48 | INFO | CI | START PIPELINE
2026-04-05 10:35:48 | INFO | CI | ROOT_PATH = .
2026-04-05 10:35:48 | INFO | CI | DATA_PATH = data
2026-04-05 10:35:48 | INFO | CI | RAW_PATH = data\raw
2026-04-05 10:35:48 | INFO | CI | PROCESSED_PATH = data\processed
2026-04-05 10:35:48 | INFO | CI | ========================
2026-04-05 10:35:48 | INFO | CI | STAGE 01: EXTRACT starting... 
2026-04-05 10:35:48 | INFO | CI | ========================
2026-04-05 10:35:48 | INFO | CI | SOURCE PATH = https://jsonplaceholder.typicode.com/users
2026-04-05 10:35:48 | INFO | CI | SINK PATH = data\raw\fuemmeler_raw.json
2026-04-05 10:35:48 | INFO | CI | ========================
2026-04-05 10:35:48 | INFO | CI | STAGE 02: VALIDATE starting...
2026-04-05 10:35:48 | INFO | CI | ========================
2026-04-05 10:35:48 | INFO | CI | JSON STRUCTURE INSPECTION:
2026-04-05 10:35:48 | INFO | CI | Top-level type: list
2026-04-05 10:35:48 | INFO | CI | Keys in first record: ['id', 'name', 'username', 'email', 'address', 'phone', 'website', 'company']
2026-04-05 10:35:48 | INFO | CI | Field types:
2026-04-05 10:35:48 | INFO | CI | id: int
2026-04-05 10:35:48 | INFO | CI | name: str
2026-04-05 10:35:48 | INFO | CI | username: str
2026-04-05 10:35:48 | INFO | CI | email: str
2026-04-05 10:35:48 | INFO | CI | address: dict
2026-04-05 10:35:48 | INFO | CI | phone: str
2026-04-05 10:35:48 | INFO | CI | website: str
2026-04-05 10:35:48 | INFO | CI | company: dict
2026-04-05 10:35:48 | INFO | CI | Validation passed.
2026-04-05 10:35:48 | INFO | CI | Sink: validated JSON object
2026-04-05 10:35:48 | INFO | CI | ========================
2026-04-05 10:35:48 | INFO | CI | STAGE 03: TRANSFORM starting...
2026-04-05 10:35:48 | INFO | CI | ========================
2026-04-05 10:36:56 | INFO | CI | === RUN START ===
2026-04-05 10:36:56 | INFO | CI | project=MODULE 4: EVTL PIPELINE
2026-04-05 10:36:56 | INFO | CI | repo_dir=nlp-04-api-text-data
2026-04-05 10:36:56 | INFO | CI | python=3.14.3
2026-04-05 10:36:56 | INFO | CI | os=Windows 11
2026-04-05 10:36:56 | INFO | CI | shell=powershell
2026-04-05 10:36:56 | INFO | CI | cwd=.
2026-04-05 10:36:56 | INFO | CI | github_actions=False
2026-04-05 10:36:56 | INFO | CI | START PIPELINE
2026-04-05 10:36:56 | INFO | CI | ROOT_PATH = .
2026-04-05 10:36:56 | INFO | CI | DATA_PATH = data
2026-04-05 10:36:56 | INFO | CI | RAW_PATH = data\raw
2026-04-05 10:36:56 | INFO | CI | PROCESSED_PATH = data\processed
2026-04-05 10:36:56 | INFO | CI | ========================
2026-04-05 10:36:56 | INFO | CI | STAGE 01: EXTRACT starting... 
2026-04-05 10:36:56 | INFO | CI | ========================
2026-04-05 10:36:56 | INFO | CI | SOURCE PATH = https://jsonplaceholder.typicode.com/users
2026-04-05 10:36:56 | INFO | CI | SINK PATH = data\raw\fuemmeler_raw.json
2026-04-05 10:36:56 | INFO | CI | ========================
2026-04-05 10:36:56 | INFO | CI | STAGE 02: VALIDATE starting...
2026-04-05 10:36:56 | INFO | CI | ========================
2026-04-05 10:36:56 | INFO | CI | JSON STRUCTURE INSPECTION:
2026-04-05 10:36:56 | INFO | CI | Top-level type: list
2026-04-05 10:36:56 | INFO | CI | Keys in first record: ['id', 'name', 'username', 'email', 'address', 'phone', 'website', 'company']
2026-04-05 10:36:56 | INFO | CI | Field types:
2026-04-05 10:36:56 | INFO | CI | id: int
2026-04-05 10:36:56 | INFO | CI | name: str
2026-04-05 10:36:56 | INFO | CI | username: str
2026-04-05 10:36:56 | INFO | CI | email: str
2026-04-05 10:36:56 | INFO | CI | address: dict
2026-04-05 10:36:56 | INFO | CI | phone: str
2026-04-05 10:36:56 | INFO | CI | website: str
2026-04-05 10:36:56 | INFO | CI | company: dict
2026-04-05 10:36:56 | INFO | CI | Validation passed.
2026-04-05 10:36:56 | INFO | CI | Sink: validated JSON object
2026-04-05 10:36:56 | INFO | CI | ========================
2026-04-05 10:36:56 | INFO | CI | STAGE 03: TRANSFORM starting...
2026-04-05 10:36:56 | INFO | CI | ========================
2026-04-05 10:37:52 | INFO | CI | === RUN START ===
2026-04-05 10:37:52 | INFO | CI | project=MODULE 4: EVTL PIPELINE
2026-04-05 10:37:52 | INFO | CI | repo_dir=nlp-04-api-text-data
2026-04-05 10:37:52 | INFO | CI | python=3.14.3
2026-04-05 10:37:52 | INFO | CI | os=Windows 11
2026-04-05 10:37:52 | INFO | CI | shell=powershell
2026-04-05 10:37:52 | INFO | CI | cwd=.
2026-04-05 10:37:52 | INFO | CI | github_actions=False
2026-04-05 10:37:52 | INFO | CI | START PIPELINE
2026-04-05 10:37:52 | INFO | CI | ROOT_PATH = .
2026-04-05 10:37:52 | INFO | CI | DATA_PATH = data
2026-04-05 10:37:52 | INFO | CI | RAW_PATH = data\raw
2026-04-05 10:37:52 | INFO | CI | PROCESSED_PATH = data\processed
2026-04-05 10:37:52 | INFO | CI | ========================
2026-04-05 10:37:52 | INFO | CI | STAGE 01: EXTRACT starting... 
2026-04-05 10:37:52 | INFO | CI | ========================
2026-04-05 10:37:52 | INFO | CI | SOURCE PATH = https://jsonplaceholder.typicode.com/users
2026-04-05 10:37:52 | INFO | CI | SINK PATH = data\raw\fuemmeler_raw.json
2026-04-05 10:37:52 | INFO | CI | ========================
2026-04-05 10:37:52 | INFO | CI | STAGE 02: VALIDATE starting...
2026-04-05 10:37:52 | INFO | CI | ========================
2026-04-05 10:37:52 | INFO | CI | JSON STRUCTURE INSPECTION:
2026-04-05 10:37:52 | INFO | CI | Top-level type: list
2026-04-05 10:37:52 | INFO | CI | Keys in first record: ['id', 'name', 'username', 'email', 'address', 'phone', 'website', 'company']
2026-04-05 10:37:52 | INFO | CI | Field types:
2026-04-05 10:37:52 | INFO | CI | id: int
2026-04-05 10:37:52 | INFO | CI | name: str
2026-04-05 10:37:52 | INFO | CI | username: str
2026-04-05 10:37:52 | INFO | CI | email: str
2026-04-05 10:37:52 | INFO | CI | address: dict
2026-04-05 10:37:52 | INFO | CI | phone: str
2026-04-05 10:37:52 | INFO | CI | website: str
2026-04-05 10:37:52 | INFO | CI | company: dict
2026-04-05 10:37:52 | INFO | CI | Validation passed.
2026-04-05 10:37:52 | INFO | CI | Sink: validated JSON object
2026-04-05 10:37:52 | INFO | CI | ========================
2026-04-05 10:37:52 | INFO | CI | STAGE 03: TRANSFORM starting...
2026-04-05 10:37:52 | INFO | CI | ========================
2026-04-05 10:43:57 | INFO | CI | === RUN START ===
2026-04-05 10:43:57 | INFO | CI | project=MODULE 4: EVTL PIPELINE
2026-04-05 10:43:57 | INFO | CI | repo_dir=nlp-04-api-text-data
2026-04-05 10:43:57 | INFO | CI | python=3.14.3
2026-04-05 10:43:57 | INFO | CI | os=Windows 11
2026-04-05 10:43:57 | INFO | CI | shell=powershell
2026-04-05 10:43:57 | INFO | CI | cwd=.
2026-04-05 10:43:57 | INFO | CI | github_actions=False
2026-04-05 10:43:57 | INFO | CI | START PIPELINE
2026-04-05 10:43:57 | INFO | CI | ROOT_PATH = .
2026-04-05 10:43:57 | INFO | CI | DATA_PATH = data
2026-04-05 10:43:57 | INFO | CI | RAW_PATH = data\raw
2026-04-05 10:43:57 | INFO | CI | PROCESSED_PATH = data\processed
2026-04-05 10:43:57 | INFO | CI | ========================
2026-04-05 10:43:57 | INFO | CI | STAGE 01: EXTRACT starting... 
2026-04-05 10:43:57 | INFO | CI | ========================
2026-04-05 10:43:57 | INFO | CI | SOURCE PATH = https://jsonplaceholder.typicode.com/users
2026-04-05 10:43:57 | INFO | CI | SINK PATH = data\raw\fuemmeler_raw.json
2026-04-05 10:43:57 | INFO | CI | ========================
2026-04-05 10:43:57 | INFO | CI | STAGE 02: VALIDATE starting...
2026-04-05 10:43:57 | INFO | CI | ========================
2026-04-05 10:43:57 | INFO | CI | JSON STRUCTURE INSPECTION:
2026-04-05 10:43:57 | INFO | CI | Top-level type: list
2026-04-05 10:43:57 | INFO | CI | Keys in first record: ['id', 'name', 'username', 'email', 'address', 'phone', 'website', 'company']
2026-04-05 10:43:57 | INFO | CI | Field types:
2026-04-05 10:43:57 | INFO | CI | id: int
2026-04-05 10:43:57 | INFO | CI | name: str
2026-04-05 10:43:57 | INFO | CI | username: str
2026-04-05 10:43:57 | INFO | CI | email: str
2026-04-05 10:43:57 | INFO | CI | address: dict
2026-04-05 10:43:57 | INFO | CI | phone: str
2026-04-05 10:43:57 | INFO | CI | website: str
2026-04-05 10:43:57 | INFO | CI | company: dict
2026-04-05 10:43:57 | INFO | CI | Validation passed.
2026-04-05 10:43:57 | INFO | CI | Sink: validated JSON object
2026-04-05 10:43:57 | INFO | CI | ========================
2026-04-05 10:43:57 | INFO | CI | STAGE 03: TRANSFORM starting...
2026-04-05 10:43:57 | INFO | CI | ========================
2026-04-05 10:43:57 | INFO | CI | Transformation complete.
2026-04-05 10:43:57 | INFO | CI | DataFrame preview:
shape: (5, 10)
┌─────────┬──────────────────┬───────────┬───────────────────────────┬───┬───────────────┬────────────────────┬─────────────┬─────────────────┐
│ user_id ┆ name             ┆ username  ┆ email                     ┆ … ┆ city          ┆ company_name       ┆ name_length ┆ username_length │
│ ---     ┆ ---              ┆ ---       ┆ ---                       ┆   ┆ ---           ┆ ---                ┆ ---         ┆ ---             │
│ i64     ┆ str              ┆ str       ┆ str                       ┆   ┆ str           ┆ str                ┆ u32         ┆ u32             │
╞═════════╪══════════════════╪═══════════╪═══════════════════════════╪═══╪═══════════════╪════════════════════╪═════════════╪═════════════════╡
│ 1       ┆ Leanne Graham    ┆ Bret      ┆ Sincere@april.biz         ┆ … ┆ Gwenborough   ┆ Romaguera-Crona    ┆ 13          ┆ 4               │
│ 2       ┆ Ervin Howell     ┆ Antonette ┆ Shanna@melissa.tv         ┆ … ┆ Wisokyburgh   ┆ Deckow-Crist       ┆ 12          ┆ 9               │
│ 3       ┆ Clementine Bauch ┆ Samantha  ┆ Nathan@yesenia.net        ┆ … ┆ McKenziehaven ┆ Romaguera-Jacobson ┆ 16          ┆ 8               │
│ 4       ┆ Patricia Lebsack ┆ Karianne  ┆ Julianne.OConner@kory.org ┆ … ┆ South Elvis   ┆ Robel-Corkery      ┆ 16          ┆ 8               │
│ 5       ┆ Chelsey Dietrich ┆ Kamren    ┆ Lucio_Hettinger@annie.ca  ┆ … ┆ Roscoeview    ┆ Keebler LLC        ┆ 16          ┆ 6               │
└─────────┴──────────────────┴───────────┴───────────────────────────┴───┴───────────────┴────────────────────┴─────────────┴─────────────────┘
2026-04-05 10:43:57 | INFO | CI | Sink: Polars DataFrame created
2026-04-05 10:43:57 | INFO | CI | ========================
2026-04-05 10:43:57 | INFO | CI | STAGE 04: LOAD starting...
2026-04-05 10:43:57 | INFO | CI | ========================
2026-04-05 10:43:57 | INFO | CI | SINK PATH = data\processed\fuemmeler_processed.csv
2026-04-05 10:43:57 | INFO | CI | ========================
2026-04-05 10:43:57 | INFO | CI | Pipeline executed successfully!
2026-04-05 10:43:57 | INFO | CI | ========================
